<?xml version="1.0" encoding="UTF-8"?>
<testsuite name="CreateRecipeTest" tests="2" skipped="0" failures="0" errors="0" timestamp="2023-11-08T20:44:30" hostname="oufumisoutekiMacBook-Pro.local" time="0.008">
  <properties/>
  <testcase name="testValidMealType()" classname="CreateRecipeTest" time="0.008"/>
  <testcase name="testInvalidMealType()" classname="CreateRecipeTest" time="0.0"/>
  <system-out><![CDATA[]]></system-out>
  <system-err><![CDATA[]]></system-err>
</testsuite>
