<?xml version="1.0" encoding="UTF-8"?>
<testsuite name="SortTest" tests="3" skipped="0" failures="0" errors="0" timestamp="2023-11-29T20:16:25" hostname="Amandas-MacBook-Pro.local" time="0.013">
  <properties/>
  <testcase name="alphabeticalAZSortUsingSaveARecipeTest()" classname="SortTest" time="0.002"/>
  <testcase name="alphabeticalZASortUsingSaveARecipeTest()" classname="SortTest" time="0.006"/>
  <testcase name="oldestToNewestSortUsingSaveARecipeTest()" classname="SortTest" time="0.001"/>
  <system-out><![CDATA[]]></system-out>
  <system-err><![CDATA[]]></system-err>
</testsuite>
