<?xml version="1.0" encoding="UTF-8"?>
<testsuite name="WhisperTest" tests="2" skipped="0" failures="0" errors="0" timestamp="2023-11-23T01:28:01" hostname="Amandas-MBP.attlocal.net" time="0.004">
  <properties/>
  <testcase name="testGetCookingInstructionException()" classname="WhisperTest" time="0.002"/>
  <testcase name="testDisplay()" classname="WhisperTest" time="0.001"/>
  <system-out><![CDATA[]]></system-out>
  <system-err><![CDATA[]]></system-err>
</testsuite>
