<?xml version="1.0" encoding="UTF-8"?>
<testsuite name="FilterTest" tests="1" skipped="0" failures="0" errors="0" timestamp="2023-11-29T20:16:25" hostname="Amandas-MacBook-Pro.local" time="0.007">
  <properties/>
  <testcase name="filterTest()" classname="FilterTest" time="0.007"/>
  <system-out><![CDATA[]]></system-out>
  <system-err><![CDATA[]]></system-err>
</testsuite>
