<?xml version="1.0" encoding="UTF-8"?>
<testsuite name="saveAccountTest" tests="4" skipped="0" failures="0" errors="0" timestamp="2023-11-23T01:25:36" hostname="Amandas-MBP.attlocal.net" time="2.62">
  <properties/>
  <testcase name="testLoginNoAccount()" classname="saveAccountTest" time="1.265"/>
  <testcase name="testLoginAccount()" classname="saveAccountTest" time="0.531"/>
  <testcase name="testGenerateExistingAccount()" classname="saveAccountTest" time="0.353"/>
  <testcase name="testGenerateNewAccount()" classname="saveAccountTest" time="0.465"/>
  <system-out><![CDATA[Connecting to MongoDB...
MongoDB connection established successfully.
Account doesn't exist
Account already exists!
]]></system-out>
  <system-err><![CDATA[Nov 22, 2023 5:25:36 PM com.mongodb.internal.diagnostics.logging.Loggers shouldUseSLF4J
WARNING: SLF4J not found on the classpath.  Logging is disabled for the 'org.mongodb.driver' component
]]></system-err>
</testsuite>
