<?xml version="1.0" encoding="UTF-8"?>
<testsuite name="CreateRecipeTest" tests="3" skipped="0" failures="0" errors="0" timestamp="2023-11-12T07:58:38" hostname="JongWooui-MacBookPro.local" time="0.004">
  <properties/>
  <testcase name="testValidMealType()" classname="CreateRecipeTest" time="0.001"/>
  <testcase name="testInvalidMealType()" classname="CreateRecipeTest" time="0.001"/>
  <testcase name="testSetTitle()" classname="CreateRecipeTest" time="0.001"/>
  <system-out><![CDATA[]]></system-out>
  <system-err><![CDATA[]]></system-err>
</testsuite>
