<?xml version="1.0" encoding="UTF-8"?>
<testsuite name="SaveRecipeTest" tests="2" skipped="0" failures="0" errors="0" timestamp="2023-11-29T20:16:25" hostname="Amandas-MacBook-Pro.local" time="0.008">
  <properties/>
  <testcase name="testSavingMultipleRecipeSort()" classname="SaveRecipeTest" time="0.001"/>
  <testcase name="testSavingCorrect()" classname="SaveRecipeTest" time="0.001"/>
  <system-out><![CDATA[]]></system-out>
  <system-err><![CDATA[]]></system-err>
</testsuite>
