<?xml version="1.0" encoding="UTF-8"?>
<testsuite name="CreateRecipeTest" tests="3" skipped="0" failures="0" errors="0" timestamp="2023-11-27T07:30:12" hostname="Amandas-MacBook-Pro.local" time="0.011">
  <properties/>
  <testcase name="testValidMealType()" classname="CreateRecipeTest" time="0.002"/>
  <testcase name="testInvalidMealType()" classname="CreateRecipeTest" time="0.001"/>
  <testcase name="testSetTitle()" classname="CreateRecipeTest" time="0.006"/>
  <system-out><![CDATA[]]></system-out>
  <system-err><![CDATA[]]></system-err>
</testsuite>
