<?xml version="1.0" encoding="UTF-8"?>
<testsuite name="ChatGPTTest" tests="2" skipped="0" failures="0" errors="0" timestamp="2023-11-28T07:15:44" hostname="Amandas-MBP.attlocal.net" time="0.146">
  <properties/>
  <testcase name="testGetCookingInstructionSuccess()" classname="ChatGPTTest" time="0.14"/>
  <testcase name="testGetCookingInstructionException()" classname="ChatGPTTest" time="0.003"/>
  <system-out><![CDATA[]]></system-out>
  <system-err><![CDATA[]]></system-err>
</testsuite>
