<?xml version="1.0" encoding="UTF-8"?>
<testsuite name="CreateRecipeTest" tests="3" skipped="0" failures="0" errors="0" timestamp="2023-11-23T01:20:54" hostname="Amandas-MBP.attlocal.net" time="0.006">
  <properties/>
  <testcase name="testValidMealType()" classname="CreateRecipeTest" time="0.002"/>
  <testcase name="testInvalidMealType()" classname="CreateRecipeTest" time="0.001"/>
  <testcase name="testSetTitle()" classname="CreateRecipeTest" time="0.001"/>
  <system-out><![CDATA[]]></system-out>
  <system-err><![CDATA[]]></system-err>
</testsuite>
