<?xml version="1.0" encoding="UTF-8"?>
<testsuite name="saveAccountTest" tests="8" skipped="0" failures="0" errors="0" timestamp="2023-11-29T20:16:25" hostname="Amandas-MacBook-Pro.local" time="1.744">
  <properties/>
  <testcase name="readDatabaseTest()" classname="saveAccountTest" time="1.539"/>
  <testcase name="testLoginNoAccount()" classname="saveAccountTest" time="0.005"/>
  <testcase name="testLoginAccount()" classname="saveAccountTest" time="0.005"/>
  <testcase name="saveRecipesForUserTest()" classname="saveAccountTest" time="0.149"/>
  <testcase name="testGenerateExistingAccount()" classname="saveAccountTest" time="0.011"/>
  <testcase name="deleteRecipeFromDatabaseTest()" classname="saveAccountTest" time="0.007"/>
  <testcase name="testLoginIncorrectPassword()" classname="saveAccountTest" time="0.01"/>
  <testcase name="testGenerateNewAccount()" classname="saveAccountTest" time="0.008"/>
  <system-out><![CDATA[Entering loginAccount method
UserName: nonExistingUser
Account doesn't exist
Entering loginAccount method
UserName: testLoginUser
Enter a valid username
Enter a valid username
Entering loginAccount method
UserName: testLoginUser
Account doesn't exist
]]></system-out>
  <system-err><![CDATA[]]></system-err>
</testsuite>
