<?xml version="1.0" encoding="UTF-8"?>
<testsuite name="ChatGPTTest" tests="2" skipped="0" failures="0" errors="0" timestamp="2023-11-29T20:16:25" hostname="Amandas-MacBook-Pro.local" time="0.039">
  <properties/>
  <testcase name="testGetCookingInstructionSuccess()" classname="ChatGPTTest" time="0.032"/>
  <testcase name="testGetCookingInstructionException()" classname="ChatGPTTest" time="0.004"/>
  <system-out><![CDATA[]]></system-out>
  <system-err><![CDATA[]]></system-err>
</testsuite>
