<?xml version="1.0" encoding="UTF-8"?>
<testsuite name="WhisperTest" tests="2" skipped="0" failures="0" errors="0" timestamp="2023-11-23T00:55:07" hostname="Amandas-MBP.attlocal.net" time="0.024">
  <properties/>
  <testcase name="testGetCookingInstructionException()" classname="WhisperTest" time="0.015"/>
  <testcase name="testDisplay()" classname="WhisperTest" time="0.008"/>
  <system-out><![CDATA[]]></system-out>
  <system-err><![CDATA[]]></system-err>
</testsuite>
