<?xml version="1.0" encoding="UTF-8"?>
<testsuite name="CreateRecipeTest" tests="3" skipped="0" failures="0" errors="0" timestamp="2023-11-28T07:15:44" hostname="Amandas-MBP.attlocal.net" time="0.074">
  <properties/>
  <testcase name="testValidMealType()" classname="CreateRecipeTest" time="0.004"/>
  <testcase name="testInvalidMealType()" classname="CreateRecipeTest" time="0.001"/>
  <testcase name="testSetTitle()" classname="CreateRecipeTest" time="0.063"/>
  <system-out><![CDATA[]]></system-out>
  <system-err><![CDATA[]]></system-err>
</testsuite>
