<?xml version="1.0" encoding="UTF-8"?>
<testsuite name="ChatGPTTest" tests="2" skipped="0" failures="0" errors="0" timestamp="2023-11-12T07:58:38" hostname="JongWooui-MacBookPro.local" time="0.018">
  <properties/>
  <testcase name="testGetCookingInstructionSuccess()" classname="ChatGPTTest" time="0.014"/>
  <testcase name="testGetCookingInstructionException()" classname="ChatGPTTest" time="0.002"/>
  <system-out><![CDATA[]]></system-out>
  <system-err><![CDATA[]]></system-err>
</testsuite>
