<?xml version="1.0" encoding="UTF-8"?>
<testsuite name="saveAccountTest" tests="4" skipped="0" failures="0" errors="0" timestamp="2023-11-23T00:55:08" hostname="Amandas-MBP.attlocal.net" time="2.805">
  <properties/>
  <testcase name="testLoginNoAccount()" classname="saveAccountTest" time="1.649"/>
  <testcase name="testLoginAccount()" classname="saveAccountTest" time="0.561"/>
  <testcase name="testGenerateExistingAccount()" classname="saveAccountTest" time="0.259"/>
  <testcase name="testGenerateNewAccount()" classname="saveAccountTest" time="0.333"/>
  <system-out><![CDATA[Account doesn't exist
Account already exists!
]]></system-out>
  <system-err><![CDATA[Nov 22, 2023 4:55:07 PM com.mongodb.internal.diagnostics.logging.Loggers shouldUseSLF4J
WARNING: SLF4J not found on the classpath.  Logging is disabled for the 'org.mongodb.driver' component
]]></system-err>
</testsuite>
