<?xml version="1.0" encoding="UTF-8"?>
<testsuite name="CreateRecipeTest" tests="2" skipped="0" failures="0" errors="0" timestamp="2023-11-08T22:18:30" hostname="Amandas-MacBook-Pro.local" time="0.004">
  <properties/>
  <testcase name="testValidMealType()" classname="CreateRecipeTest" time="0.001"/>
  <testcase name="testInvalidMealType()" classname="CreateRecipeTest" time="0.002"/>
  <system-out><![CDATA[]]></system-out>
  <system-err><![CDATA[]]></system-err>
</testsuite>
