<?xml version="1.0" encoding="UTF-8"?>
<testsuite name="WhisperTest" tests="2" skipped="0" failures="0" errors="0" timestamp="2023-11-27T07:30:12" hostname="Amandas-MacBook-Pro.local" time="0.003">
  <properties/>
  <testcase name="testGetCookingInstructionException()" classname="WhisperTest" time="0.001"/>
  <testcase name="testDisplay()" classname="WhisperTest" time="0.001"/>
  <system-out><![CDATA[]]></system-out>
  <system-err><![CDATA[]]></system-err>
</testsuite>
