<?xml version="1.0" encoding="UTF-8"?>
<testsuite name="ChatGPTTest" tests="2" skipped="0" failures="0" errors="0" timestamp="2023-11-23T00:55:07" hostname="Amandas-MBP.attlocal.net" time="0.088">
  <properties/>
  <testcase name="testGetCookingInstructionSuccess()" classname="ChatGPTTest" time="0.078"/>
  <testcase name="testGetCookingInstructionException()" classname="ChatGPTTest" time="0.005"/>
  <system-out><![CDATA[]]></system-out>
  <system-err><![CDATA[]]></system-err>
</testsuite>
